<?xml version="1.0" encoding="UTF-8"?>
<!-- Generated by org.testng.reporters.JUnitXMLReporter -->
<testsuite hostname="DESKTOP-AV8S3P8" ignored="0" name="Test" tests="1" failures="1" timestamp="2020-04-13T19:08:27 IST" time="89.108" errors="0">
  <testcase name="action" time="2.718" classname="com.atmecs.testscript.TestScript">
    <failure type="java.lang.IllegalArgumentException" message="Cannot find elements when the XPath is null.">
      <![CDATA[java.lang.IllegalArgumentException: Cannot find elements when the XPath is null.
at org.openqa.selenium.By$ByXPath.<init>(By.java:339)
at org.openqa.selenium.By.xpath(By.java:92)
at com.atmecs.commonhelpers.CommonHelpers.clickAction(CommonHelpers.java:20)
at com.atmecs.testscript.TestScript.action(TestScript.java:20)
at java.util.ArrayList.forEach(ArrayList.java:1257)
... Removed 27 stack frames]]>
    </failure>
  </testcase> <!-- action -->
</testsuite> <!-- Test -->
